<?xml version="1.0" encoding="UTF-8"?>
<!-- Generated by org.testng.reporters.JUnitXMLReporter -->
<testsuite ignored="3" hostname="DESKTOP-C1ML1I2" failures="0" tests="10" name="Default test" time="35.725" errors="0" timestamp="2025-10-10T23:57:54 IST">
  <testcase classname="testing_extra.DemoForInvocationTest" name="case4" time="18.952"/>
  <testcase classname="testing_extra.DemoForInvocationTest" name="case4" time="19.078"/>
  <testcase classname="testing_extra.DemoForInvocationTest" name="case4" time="19.444"/>
  <testcase classname="testing_extra.DemoForInvocationTest" name="case4" time="6.715"/>
  <testcase classname="testing_extra.DemoForInvocationTest" name="case4" time="6.871"/>
  <testcase classname="testing_extra.DemoForInvocationTest" name="case4" time="6.82"/>
  <testcase classname="testing_extra.DemoForInvocationTest" name="case4" time="5.21"/>
  <testcase classname="testing_extra.DemoForInvocationTest" name="case4" time="6.269"/>
  <testcase classname="testing_extra.DemoForInvocationTest" name="case4" time="7.318"/>
  <testcase classname="testing_extra.DemoForInvocationTest" name="case4" time="4.64"/>
  <testcase classname="testing_extra.DemoForInvocationTest" name="case1" time="0.0">
    <ignored/>
  </testcase> <!-- case1 -->
  <testcase classname="testing_extra.DemoForInvocationTest" name="case2" time="0.0">
    <ignored/>
  </testcase> <!-- case2 -->
  <testcase classname="testing_extra.DemoForInvocationTest" name="case3" time="0.0">
    <ignored/>
  </testcase> <!-- case3 -->
</testsuite> <!-- Default test -->
