<?xml version="1.0" encoding="UTF-8"?>
<!-- Generated by org.testng.reporters.JUnitXMLReporter -->
<testsuite ignored="1" hostname="DESKTOP-C1ML1I2" failures="0" tests="3" name="Test" time="21.123" errors="0" timestamp="2025-10-11T23:42:05 IST">
  <testcase classname="type_of_execution.Demo1" name="case1" time="7.906"/>
  <testcase classname="type_of_execution.Demo3" name="case3" time="6.595"/>
  <testcase classname="type_of_execution.Demo2" name="case2" time="6.562"/>
  <testcase classname="type_of_execution.Demo1" name="case10" time="0.0">
    <ignored/>
  </testcase> <!-- case10 -->
</testsuite> <!-- Test -->
