<?xml version="1.0" encoding="UTF-8"?>
<!-- Generated by org.testng.reporters.JUnitXMLReporter -->
<testsuite ignored="2" hostname="DESKTOP-C1ML1I2" failures="0" tests="4" name="Test" time="12.535" errors="0" timestamp="2025-10-15T00:50:05 IST">
  <testcase classname="type_of_execution.Demo7" name="case71" time="3.826"/>
  <testcase classname="type_of_execution.Demo7" name="case72" time="3.077"/>
  <testcase classname="type_of_execution.Demo6" name="case61" time="2.665"/>
  <testcase classname="type_of_execution.Demo6" name="case62" time="2.906"/>
  <testcase classname="type_of_execution.Demo6" name="case6" time="0.0">
    <ignored/>
  </testcase> <!-- case6 -->
  <testcase classname="type_of_execution.Demo7" name="case7" time="0.0">
    <ignored/>
  </testcase> <!-- case7 -->
</testsuite> <!-- Test -->
