<?xml version="1.0" encoding="UTF-8"?>
<testng-results ignored="2" total="6" passed="4" failed="0" skipped="0">
  <reporter-output>
  </reporter-output>
  <suite started-at="2025-10-15T00:49:52 IST" name="Suite" finished-at="2025-10-15T00:50:05 IST" duration-ms="12535">
    <groups>
      <group name="reg">
        <method signature="Demo6.case61()[pri:0, instance:type_of_execution.Demo6@26d9b808]" name="case61" class="type_of_execution.Demo6"/>
        <method signature="Demo6.case62()[pri:0, instance:type_of_execution.Demo6@26d9b808]" name="case62" class="type_of_execution.Demo6"/>
        <method signature="Demo7.case71()[pri:0, instance:type_of_execution.Demo7@71ba6d4e]" name="case71" class="type_of_execution.Demo7"/>
        <method signature="Demo7.case72()[pri:0, instance:type_of_execution.Demo7@71ba6d4e]" name="case72" class="type_of_execution.Demo7"/>
      </group> <!-- reg -->
    </groups>
    <test started-at="2025-10-15T00:49:52 IST" name="Test" finished-at="2025-10-15T00:50:05 IST" duration-ms="12535">
      <class name="type_of_execution.Demo7">
        <test-method signature="case71()[pri:0, instance:type_of_execution.Demo7@71ba6d4e]" started-at="2025-10-15T00:49:52 IST" name="case71" finished-at="2025-10-15T00:49:56 IST" duration-ms="3826" status="PASS">
          <reporter-output>
          </reporter-output>
        </test-method> <!-- case71 -->
        <test-method signature="case72()[pri:0, instance:type_of_execution.Demo7@71ba6d4e]" started-at="2025-10-15T00:49:56 IST" name="case72" finished-at="2025-10-15T00:49:59 IST" duration-ms="3077" status="PASS">
          <reporter-output>
          </reporter-output>
        </test-method> <!-- case72 -->
      </class> <!-- type_of_execution.Demo7 -->
      <class name="type_of_execution.Demo6">
        <test-method signature="case61()[pri:0, instance:type_of_execution.Demo6@26d9b808]" started-at="2025-10-15T00:49:59 IST" name="case61" finished-at="2025-10-15T00:50:02 IST" duration-ms="2665" status="PASS">
          <reporter-output>
          </reporter-output>
        </test-method> <!-- case61 -->
        <test-method signature="case62()[pri:0, instance:type_of_execution.Demo6@26d9b808]" started-at="2025-10-15T00:50:02 IST" name="case62" finished-at="2025-10-15T00:50:05 IST" duration-ms="2906" status="PASS">
          <reporter-output>
          </reporter-output>
        </test-method> <!-- case62 -->
      </class> <!-- type_of_execution.Demo6 -->
    </test> <!-- Test -->
  </suite> <!-- Suite -->
</testng-results>
