<?xml version="1.0" encoding="UTF-8"?>
<testng-results ignored="3" total="13" passed="10" failed="0" skipped="0">
  <reporter-output>
  </reporter-output>
  <suite started-at="2025-10-10T23:57:18 IST" name="Default suite" finished-at="2025-10-10T23:57:54 IST" duration-ms="35725">
    <groups>
    </groups>
    <test started-at="2025-10-10T23:57:18 IST" name="Default test" finished-at="2025-10-10T23:57:54 IST" duration-ms="35725">
      <class name="testing_extra.DemoForInvocationTest">
        <test-method signature="case4()[pri:0, instance:testing_extra.DemoForInvocationTest@1c7696c6]" started-at="2025-10-10T23:57:18 IST" name="case4" finished-at="2025-10-10T23:57:38 IST" duration-ms="19444" status="PASS">
          <reporter-output>
          </reporter-output>
        </test-method> <!-- case4 -->
        <test-method signature="case4()[pri:0, instance:testing_extra.DemoForInvocationTest@1c7696c6]" started-at="2025-10-10T23:57:18 IST" name="case4" finished-at="2025-10-10T23:57:37 IST" duration-ms="19078" status="PASS">
          <reporter-output>
          </reporter-output>
        </test-method> <!-- case4 -->
        <test-method signature="case4()[pri:0, instance:testing_extra.DemoForInvocationTest@1c7696c6]" started-at="2025-10-10T23:57:18 IST" name="case4" finished-at="2025-10-10T23:57:37 IST" duration-ms="18952" status="PASS">
          <reporter-output>
          </reporter-output>
        </test-method> <!-- case4 -->
        <test-method signature="case4()[pri:0, instance:testing_extra.DemoForInvocationTest@1c7696c6]" started-at="2025-10-10T23:57:37 IST" name="case4" finished-at="2025-10-10T23:57:44 IST" duration-ms="6871" status="PASS">
          <reporter-output>
          </reporter-output>
        </test-method> <!-- case4 -->
        <test-method signature="case4()[pri:0, instance:testing_extra.DemoForInvocationTest@1c7696c6]" started-at="2025-10-10T23:57:37 IST" name="case4" finished-at="2025-10-10T23:57:44 IST" duration-ms="6715" status="PASS">
          <reporter-output>
          </reporter-output>
        </test-method> <!-- case4 -->
        <test-method signature="case4()[pri:0, instance:testing_extra.DemoForInvocationTest@1c7696c6]" started-at="2025-10-10T23:57:38 IST" name="case4" finished-at="2025-10-10T23:57:44 IST" duration-ms="6820" status="PASS">
          <reporter-output>
          </reporter-output>
        </test-method> <!-- case4 -->
        <test-method signature="case4()[pri:0, instance:testing_extra.DemoForInvocationTest@1c7696c6]" started-at="2025-10-10T23:57:44 IST" name="case4" finished-at="2025-10-10T23:57:49 IST" duration-ms="5210" status="PASS">
          <reporter-output>
          </reporter-output>
        </test-method> <!-- case4 -->
        <test-method signature="case4()[pri:0, instance:testing_extra.DemoForInvocationTest@1c7696c6]" started-at="2025-10-10T23:57:44 IST" name="case4" finished-at="2025-10-10T23:57:51 IST" duration-ms="7318" status="PASS">
          <reporter-output>
          </reporter-output>
        </test-method> <!-- case4 -->
        <test-method signature="case4()[pri:0, instance:testing_extra.DemoForInvocationTest@1c7696c6]" started-at="2025-10-10T23:57:44 IST" name="case4" finished-at="2025-10-10T23:57:51 IST" duration-ms="6269" status="PASS">
          <reporter-output>
          </reporter-output>
        </test-method> <!-- case4 -->
        <test-method signature="case4()[pri:0, instance:testing_extra.DemoForInvocationTest@1c7696c6]" started-at="2025-10-10T23:57:49 IST" name="case4" finished-at="2025-10-10T23:57:54 IST" duration-ms="4640" status="PASS">
          <reporter-output>
          </reporter-output>
        </test-method> <!-- case4 -->
      </class> <!-- testing_extra.DemoForInvocationTest -->
    </test> <!-- Default test -->
  </suite> <!-- Default suite -->
</testng-results>
